<?xml version="1.0" encoding="UTF-8"?>
<!-- Generated by org.testng.reporters.JUnitReportReporter -->
<testsuite hostname="Declan-HP" failures="0" tests="2" name="NG_Demo" time="9.494" errors="0" timestamp="2022-05-07T23:20:09 BST" skipped="0">
  <testcase classname="NG_Demo" name="tearDownTest" time="0.629"/>
  <system-out/>
  <testcase classname="NG_Demo" name="setUpTest" time="8.865"/>
  <system-out/>
</testsuite> <!-- NG_Demo -->
